<?xml version="1.0" encoding="UTF-8"?>
<!-- Generated by org.testng.reporters.JUnitReportReporter -->
<testsuite skipped="0" hostname="Mlungisis-MacBook-Air.local" name="WebsiteTest" tests="2" failures="0" timestamp="2023-04-12T10:05:48 SAST" time="48.565" errors="0">
  <testcase name="loggingin" time="23.003" classname="WebsiteTest"/>
  <system-out/>
  <testcase name="PlaceBet" time="25.562" classname="WebsiteTest"/>
  <system-out/>
</testsuite> <!-- WebsiteTest -->
