<?xml version="1.0" encoding="UTF-8"?>
<!-- Generated by org.testng.reporters.JUnitReportReporter -->
<testsuite skipped="0" hostname="Mlungisis-MacBook-Air.local" name="Test" tests="1" failures="0" timestamp="2023-04-12T10:02:39 SAST" time="5.604" errors="0">
  <testcase name="BetikaAPI" time="5.604" classname="Test"/>
  <system-out/>
</testsuite> <!-- Test -->
